<?xml version="1.0" encoding="UTF-8"?>
<!-- Generated by org.testng.reporters.JUnitReportReporter -->
<testsuite hostname="LAPTOP-UB5N5LG1" failures="0" tests="6" name="TestngAnnotations" time="0.018" errors="0" timestamp="2023-06-27T18:30:30 IST" skipped="0">
  <testcase classname="TestngAnnotations" name="openapplication" time="0.005"/>
  <system-out/>
  <testcase classname="TestngAnnotations" name="billpayment" time="0.003"/>
  <system-out/>
  <testcase classname="TestngAnnotations" name="login" time="0.003"/>
  <system-out/>
  <testcase classname="TestngAnnotations" name="searchproduct" time="0.002"/>
  <system-out/>
  <testcase classname="TestngAnnotations" name="addtocart" time="0.001"/>
  <system-out/>
  <testcase classname="TestngAnnotations" name="checkout" time="0.004"/>
  <system-out/>
</testsuite> <!-- TestngAnnotations -->
