<?xml version="1.0" encoding="UTF-8"?>
<!-- Generated by org.testng.reporters.JUnitReportReporter -->
<testsuite hostname="LAPTOP-UB5N5LG1" failures="0" tests="6" name="testng1.NewTest" time="0.011" errors="0" timestamp="2023-07-10T08:27:23 IST" skipped="0">
  <testcase classname="testng1.NewTest" name="billpayment" time="0.004"/>
  <testcase classname="testng1.NewTest" name="placeorder" time="0.000"/>
  <testcase classname="testng1.NewTest" name="opentheapp" time="0.000"/>
  <testcase classname="testng1.NewTest" name="restaurantselection" time="0.003"/>
  <testcase classname="testng1.NewTest" name="collectfood" time="0.003"/>
  <testcase classname="testng1.NewTest" name="location" time="0.001"/>
</testsuite> <!-- testng1.NewTest -->
