<?xml version="1.0" encoding="UTF-8"?>
<!-- Generated by org.testng.reporters.JUnitReportReporter -->
<testsuite hostname="LAPTOP-UB5N5LG1" failures="0" tests="7" name="testng.TestngAnnotations" time="0.019" errors="0" timestamp="2023-07-10T08:27:23 IST" skipped="1">
  <testcase classname="testng.TestngAnnotations" name="openapplication" time="0.008"/>
  <testcase classname="testng.TestngAnnotations" name="billpayment" time="0.002"/>
  <testcase classname="testng.TestngAnnotations" name="login" time="0.003"/>
  <testcase classname="testng.TestngAnnotations" name="searchproduct" time="0.001"/>
  <testcase classname="testng.TestngAnnotations" name="addtocart" time="0.004"/>
  <testcase classname="testng.TestngAnnotations" name="checkout" time="0.001"/>
  <testcase classname="testng.TestngAnnotations" name="conclusion">
    <skipped/>
  </testcase> <!-- conclusion -->
</testsuite> <!-- testng.TestngAnnotations -->
